[2024-05-12 05:00:53] local.ERROR: No application encryption key has been specified. {"exception":"[object] (Illuminate\\Encryption\\MissingAppKeyException(code: 0): No application encryption key has been specified. at D:\\semester 4\\LAB. PEMOGRAMAN WEB\\tes\\PemrogramanWeb_TI-22-PA_222310008\\TugasPertemuan6\\SourceCode\\vendor\\laravel\\framework\\src\\Illuminate\\Encryption\\EncryptionServiceProvider.php:83)
[stacktrace]
#0 D:\\semester 4\\LAB. PEMOGRAMAN WEB\\tes\\PemrogramanWeb_TI-22-PA_222310008\\TugasPertemuan6\\SourceCode\\vendor\\laravel\\framework\\src\\Illuminate\\Support\\helpers.php(345): Illuminate\\Encryption\\EncryptionServiceProvider->Illuminate\\Encryption\\{closure}('')
#1 D:\\semester 4\\LAB. PEMOGRAMAN WEB\\tes\\PemrogramanWeb_TI-22-PA_222310008\\TugasPertemuan6\\SourceCode\\vendor\\laravel\\framework\\src\\Illuminate\\Encryption\\EncryptionServiceProvider.php(81): tap('', Object(Closure))
#2 D:\\semester 4\\LAB. PEMOGRAMAN WEB\\tes\\PemrogramanWeb_TI-22-PA_222310008\\TugasPertemuan6\\SourceCode\\vendor\\laravel\\framework\\src\\Illuminate\\Encryption\\EncryptionServiceProvider.php(64): Illuminate\\Encryption\\EncryptionServiceProvider->key(Array)
#3 D:\\semester 4\\LAB. PEMOGRAMAN WEB\\tes\\PemrogramanWeb_TI-22-PA_222310008\\TugasPertemuan6\\SourceCode\\vendor\\laravel\\framework\\src\\Illuminate\\Encryption\\EncryptionServiceProvider.php(32): Illuminate\\Encryption\\EncryptionServiceProvider->parseKey(Array)
#4 D:\\semester 4\\LAB. PEMOGRAMAN WEB\\tes\\PemrogramanWeb_TI-22-PA_222310008\\TugasPertemuan6\\SourceCode\\vendor\\laravel\\framework\\src\\Illuminate\\Container\\Container.php(900): Illuminate\\Encryption\\EncryptionServiceProvider->Illuminate\\Encryption\\{closure}(Object(Illuminate\\Foundation\\Application), Array)
#5 D:\\semester 4\\LAB. PEMOGRAMAN WEB\\tes\\PemrogramanWeb_TI-22-PA_222310008\\TugasPertemuan6\\SourceCode\\vendor\\laravel\\framework\\src\\Illuminate\\Container\\Container.php(787): Illuminate\\Container\\Container->build(Object(Closure))
#6 D:\\semester 4\\LAB. PEMOGRAMAN WEB\\tes\\PemrogramanWeb_TI-22-PA_222310008\\TugasPertemuan6\\SourceCode\\vendor\\laravel\\framework\\src\\Illuminate\\Foundation\\Application.php(1026): Illuminate\\Container\\Container->resolve('encrypter', Array, true)
#7 D:\\semester 4\\LAB. PEMOGRAMAN WEB\\tes\\PemrogramanWeb_TI-22-PA_222310008\\TugasPertemuan6\\SourceCode\\vendor\\laravel\\framework\\src\\Illuminate\\Container\\Container.php(723): Illuminate\\Foundation\\Application->resolve('encrypter', Array)
#8 D:\\semester 4\\LAB. PEMOGRAMAN WEB\\tes\\PemrogramanWeb_TI-22-PA_222310008\\TugasPertemuan6\\SourceCode\\vendor\\laravel\\framework\\src\\Illuminate\\Foundation\\Application.php(1011): Illuminate\\Container\\Container->make('encrypter', Array)
#9 D:\\semester 4\\LAB. PEMOGRAMAN WEB\\tes\\PemrogramanWeb_TI-22-PA_222310008\\TugasPertemuan6\\SourceCode\\vendor\\laravel\\framework\\src\\Illuminate\\Container\\Container.php(1058): Illuminate\\Foundation\\Application->make('encrypter')
#10 D:\\semester 4\\LAB. PEMOGRAMAN WEB\\tes\\PemrogramanWeb_TI-22-PA_222310008\\TugasPertemuan6\\SourceCode\\vendor\\laravel\\framework\\src\\Illuminate\\Container\\Container.php(974): Illuminate\\Container\\Container->resolveClass(Object(ReflectionParameter))
#11 D:\\semester 4\\LAB. PEMOGRAMAN WEB\\tes\\PemrogramanWeb_TI-22-PA_222310008\\TugasPertemuan6\\SourceCode\\vendor\\laravel\\framework\\src\\Illuminate\\Container\\Container.php(935): Illuminate\\Container\\Container->resolveDependencies(Array)
#12 D:\\semester 4\\LAB. PEMOGRAMAN WEB\\tes\\PemrogramanWeb_TI-22-PA_222310008\\TugasPertemuan6\\SourceCode\\vendor\\laravel\\framework\\src\\Illuminate\\Container\\Container.php(787): Illuminate\\Container\\Container->build('Illuminate\\\\Cook...')
#13 D:\\semester 4\\LAB. PEMOGRAMAN WEB\\tes\\PemrogramanWeb_TI-22-PA_222310008\\TugasPertemuan6\\SourceCode\\vendor\\laravel\\framework\\src\\Illuminate\\Foundation\\Application.php(1026): Illuminate\\Container\\Container->resolve('Illuminate\\\\Cook...', Array, true)
#14 D:\\semester 4\\LAB. PEMOGRAMAN WEB\\tes\\PemrogramanWeb_TI-22-PA_222310008\\TugasPertemuan6\\SourceCode\\vendor\\laravel\\framework\\src\\Illuminate\\Container\\Container.php(723): Illuminate\\Foundation\\Application->resolve('Illuminate\\\\Cook...', Array)
#15 D:\\semester 4\\LAB. PEMOGRAMAN WEB\\tes\\PemrogramanWeb_TI-22-PA_222310008\\TugasPertemuan6\\SourceCode\\vendor\\laravel\\framework\\src\\Illuminate\\Foundation\\Application.php(1011): Illuminate\\Container\\Container->make('Illuminate\\\\Cook...', Array)
#16 D:\\semester 4\\LAB. PEMOGRAMAN WEB\\tes\\PemrogramanWeb_TI-22-PA_222310008\\TugasPertemuan6\\SourceCode\\vendor\\laravel\\framework\\src\\Illuminate\\Pipeline\\Pipeline.php(172): Illuminate\\Foundation\\Application->make('Illuminate\\\\Cook...')
#17 D:\\semester 4\\LAB. PEMOGRAMAN WEB\\tes\\PemrogramanWeb_TI-22-PA_222310008\\TugasPertemuan6\\SourceCode\\vendor\\laravel\\framework\\src\\Illuminate\\Pipeline\\Pipeline.php(119): Illuminate\\Pipeline\\Pipeline->Illuminate\\Pipeline\\{closure}(Object(Illuminate\\Http\\Request))
#18 D:\\semester 4\\LAB. PEMOGRAMAN WEB\\tes\\PemrogramanWeb_TI-22-PA_222310008\\TugasPertemuan6\\SourceCode\\vendor\\laravel\\framework\\src\\Illuminate\\Routing\\Router.php(805): Illuminate\\Pipeline\\Pipeline->then(Object(Closure))
#19 D:\\semester 4\\LAB. PEMOGRAMAN WEB\\tes\\PemrogramanWeb_TI-22-PA_222310008\\TugasPertemuan6\\SourceCode\\vendor\\laravel\\framework\\src\\Illuminate\\Routing\\Router.php(784): Illuminate\\Routing\\Router->runRouteWithinStack(Object(Illuminate\\Routing\\Route), Object(Illuminate\\Http\\Request))
#20 D:\\semester 4\\LAB. PEMOGRAMAN WEB\\tes\\PemrogramanWeb_TI-22-PA_222310008\\TugasPertemuan6\\SourceCode\\vendor\\laravel\\framework\\src\\Illuminate\\Routing\\Router.php(748): Illuminate\\Routing\\Router->runRoute(Object(Illuminate\\Http\\Request), Object(Illuminate\\Routing\\Route))
#21 D:\\semester 4\\LAB. PEMOGRAMAN WEB\\tes\\PemrogramanWeb_TI-22-PA_222310008\\TugasPertemuan6\\SourceCode\\vendor\\laravel\\framework\\src\\Illuminate\\Routing\\Router.php(737): Illuminate\\Routing\\Router->dispatchToRoute(Object(Illuminate\\Http\\Request))
#22 D:\\semester 4\\LAB. PEMOGRAMAN WEB\\tes\\PemrogramanWeb_TI-22-PA_222310008\\TugasPertemuan6\\SourceCode\\vendor\\laravel\\framework\\src\\Illuminate\\Foundation\\Http\\Kernel.php(200): Illuminate\\Routing\\Router->dispatch(Object(Illuminate\\Http\\Request))
#23 D:\\semester 4\\LAB. PEMOGRAMAN WEB\\tes\\PemrogramanWeb_TI-22-PA_222310008\\TugasPertemuan6\\SourceCode\\vendor\\laravel\\framework\\src\\Illuminate\\Pipeline\\Pipeline.php(144): Illuminate\\Foundation\\Http\\Kernel->Illuminate\\Foundation\\Http\\{closure}(Object(Illuminate\\Http\\Request))
#24 D:\\semester 4\\LAB. PEMOGRAMAN WEB\\tes\\PemrogramanWeb_TI-22-PA_222310008\\TugasPertemuan6\\SourceCode\\vendor\\laravel\\framework\\src\\Illuminate\\Foundation\\Http\\Middleware\\TransformsRequest.php(21): Illuminate\\Pipeline\\Pipeline->Illuminate\\Pipeline\\{closure}(Object(Illuminate\\Http\\Request))
#25 D:\\semester 4\\LAB. PEMOGRAMAN WEB\\tes\\PemrogramanWeb_TI-22-PA_222310008\\TugasPertemuan6\\SourceCode\\vendor\\laravel\\framework\\src\\Illuminate\\Foundation\\Http\\Middleware\\ConvertEmptyStringsToNull.php(31): Illuminate\\Foundation\\Http\\Middleware\\TransformsRequest->handle(Object(Illuminate\\Http\\Request), Object(Closure))
#26 D:\\semester 4\\LAB. PEMOGRAMAN WEB\\tes\\PemrogramanWeb_TI-22-PA_222310008\\TugasPertemuan6\\SourceCode\\vendor\\laravel\\framework\\src\\Illuminate\\Pipeline\\Pipeline.php(183): Illuminate\\Foundation\\Http\\Middleware\\ConvertEmptyStringsToNull->handle(Object(Illuminate\\Http\\Request), Object(Closure))
#27 D:\\semester 4\\LAB. PEMOGRAMAN WEB\\tes\\PemrogramanWeb_TI-22-PA_222310008\\TugasPertemuan6\\SourceCode\\vendor\\laravel\\framework\\src\\Illuminate\\Foundation\\Http\\Middleware\\TransformsRequest.php(21): Illuminate\\Pipeline\\Pipeline->Illuminate\\Pipeline\\{closure}(Object(Illuminate\\Http\\Request))
#28 D:\\semester 4\\LAB. PEMOGRAMAN WEB\\tes\\PemrogramanWeb_TI-22-PA_222310008\\TugasPertemuan6\\SourceCode\\vendor\\laravel\\framework\\src\\Illuminate\\Foundation\\Http\\Middleware\\TrimStrings.php(50): Illuminate\\Foundation\\Http\\Middleware\\TransformsRequest->handle(Object(Illuminate\\Http\\Request), Object(Closure))
#29 D:\\semester 4\\LAB. PEMOGRAMAN WEB\\tes\\PemrogramanWeb_TI-22-PA_222310008\\TugasPertemuan6\\SourceCode\\vendor\\laravel\\framework\\src\\Illuminate\\Pipeline\\Pipeline.php(183): Illuminate\\Foundation\\Http\\Middleware\\TrimStrings->handle(Object(Illuminate\\Http\\Request), Object(Closure))
#30 D:\\semester 4\\LAB. PEMOGRAMAN WEB\\tes\\PemrogramanWeb_TI-22-PA_222310008\\TugasPertemuan6\\SourceCode\\vendor\\laravel\\framework\\src\\Illuminate\\Http\\Middleware\\ValidatePostSize.php(27): Illuminate\\Pipeline\\Pipeline->Illuminate\\Pipeline\\{closure}(Object(Illuminate\\Http\\Request))
#31 D:\\semester 4\\LAB. PEMOGRAMAN WEB\\tes\\PemrogramanWeb_TI-22-PA_222310008\\TugasPertemuan6\\SourceCode\\vendor\\laravel\\framework\\src\\Illuminate\\Pipeline\\Pipeline.php(183): Illuminate\\Http\\Middleware\\ValidatePostSize->handle(Object(Illuminate\\Http\\Request), Object(Closure))
#32 D:\\semester 4\\LAB. PEMOGRAMAN WEB\\tes\\PemrogramanWeb_TI-22-PA_222310008\\TugasPertemuan6\\SourceCode\\vendor\\laravel\\framework\\src\\Illuminate\\Foundation\\Http\\Middleware\\PreventRequestsDuringMaintenance.php(110): Illuminate\\Pipeline\\Pipeline->Illuminate\\Pipeline\\{closure}(Object(Illuminate\\Http\\Request))
#33 D:\\semester 4\\LAB. PEMOGRAMAN WEB\\tes\\PemrogramanWeb_TI-22-PA_222310008\\TugasPertemuan6\\SourceCode\\vendor\\laravel\\framework\\src\\Illuminate\\Pipeline\\Pipeline.php(183): Illuminate\\Foundation\\Http\\Middleware\\PreventRequestsDuringMaintenance->handle(Object(Illuminate\\Http\\Request), Object(Closure))
#34 D:\\semester 4\\LAB. PEMOGRAMAN WEB\\tes\\PemrogramanWeb_TI-22-PA_222310008\\TugasPertemuan6\\SourceCode\\vendor\\laravel\\framework\\src\\Illuminate\\Http\\Middleware\\HandleCors.php(49): Illuminate\\Pipeline\\Pipeline->Illuminate\\Pipeline\\{closure}(Object(Illuminate\\Http\\Request))
#35 D:\\semester 4\\LAB. PEMOGRAMAN WEB\\tes\\PemrogramanWeb_TI-22-PA_222310008\\TugasPertemuan6\\SourceCode\\vendor\\laravel\\framework\\src\\Illuminate\\Pipeline\\Pipeline.php(183): Illuminate\\Http\\Middleware\\HandleCors->handle(Object(Illuminate\\Http\\Request), Object(Closure))
#36 D:\\semester 4\\LAB. PEMOGRAMAN WEB\\tes\\PemrogramanWeb_TI-22-PA_222310008\\TugasPertemuan6\\SourceCode\\vendor\\laravel\\framework\\src\\Illuminate\\Http\\Middleware\\TrustProxies.php(57): Illuminate\\Pipeline\\Pipeline->Illuminate\\Pipeline\\{closure}(Object(Illuminate\\Http\\Request))
#37 D:\\semester 4\\LAB. PEMOGRAMAN WEB\\tes\\PemrogramanWeb_TI-22-PA_222310008\\TugasPertemuan6\\SourceCode\\vendor\\laravel\\framework\\src\\Illuminate\\Pipeline\\Pipeline.php(183): Illuminate\\Http\\Middleware\\TrustProxies->handle(Object(Illuminate\\Http\\Request), Object(Closure))
#38 D:\\semester 4\\LAB. PEMOGRAMAN WEB\\tes\\PemrogramanWeb_TI-22-PA_222310008\\TugasPertemuan6\\SourceCode\\vendor\\laravel\\framework\\src\\Illuminate\\Pipeline\\Pipeline.php(119): Illuminate\\Pipeline\\Pipeline->Illuminate\\Pipeline\\{closure}(Object(Illuminate\\Http\\Request))
#39 D:\\semester 4\\LAB. PEMOGRAMAN WEB\\tes\\PemrogramanWeb_TI-22-PA_222310008\\TugasPertemuan6\\SourceCode\\vendor\\laravel\\framework\\src\\Illuminate\\Foundation\\Http\\Kernel.php(175): Illuminate\\Pipeline\\Pipeline->then(Object(Closure))
#40 D:\\semester 4\\LAB. PEMOGRAMAN WEB\\tes\\PemrogramanWeb_TI-22-PA_222310008\\TugasPertemuan6\\SourceCode\\vendor\\laravel\\framework\\src\\Illuminate\\Foundation\\Http\\Kernel.php(144): Illuminate\\Foundation\\Http\\Kernel->sendRequestThroughRouter(Object(Illuminate\\Http\\Request))
#41 D:\\semester 4\\LAB. PEMOGRAMAN WEB\\tes\\PemrogramanWeb_TI-22-PA_222310008\\TugasPertemuan6\\SourceCode\\vendor\\laravel\\framework\\src\\Illuminate\\Foundation\\Application.php(1168): Illuminate\\Foundation\\Http\\Kernel->handle(Object(Illuminate\\Http\\Request))
#42 D:\\semester 4\\LAB. PEMOGRAMAN WEB\\tes\\PemrogramanWeb_TI-22-PA_222310008\\TugasPertemuan6\\SourceCode\\public\\index.php(17): Illuminate\\Foundation\\Application->handleRequest(Object(Illuminate\\Http\\Request))
#43 D:\\semester 4\\LAB. PEMOGRAMAN WEB\\tes\\PemrogramanWeb_TI-22-PA_222310008\\TugasPertemuan6\\SourceCode\\vendor\\laravel\\framework\\src\\Illuminate\\Foundation\\resources\\server.php(16): require_once('D:\\\\semester 4\\\\L...')
#44 {main}
"} 
[2024-05-12 05:00:54] local.ERROR: No application encryption key has been specified. {"exception":"[object] (Illuminate\\Encryption\\MissingAppKeyException(code: 0): No application encryption key has been specified. at D:\\semester 4\\LAB. PEMOGRAMAN WEB\\tes\\PemrogramanWeb_TI-22-PA_222310008\\TugasPertemuan6\\SourceCode\\vendor\\laravel\\framework\\src\\Illuminate\\Encryption\\EncryptionServiceProvider.php:83)
[stacktrace]
#0 D:\\semester 4\\LAB. PEMOGRAMAN WEB\\tes\\PemrogramanWeb_TI-22-PA_222310008\\TugasPertemuan6\\SourceCode\\vendor\\laravel\\framework\\src\\Illuminate\\Support\\helpers.php(345): Illuminate\\Encryption\\EncryptionServiceProvider->Illuminate\\Encryption\\{closure}('')
#1 D:\\semester 4\\LAB. PEMOGRAMAN WEB\\tes\\PemrogramanWeb_TI-22-PA_222310008\\TugasPertemuan6\\SourceCode\\vendor\\laravel\\framework\\src\\Illuminate\\Encryption\\EncryptionServiceProvider.php(81): tap('', Object(Closure))
#2 D:\\semester 4\\LAB. PEMOGRAMAN WEB\\tes\\PemrogramanWeb_TI-22-PA_222310008\\TugasPertemuan6\\SourceCode\\vendor\\laravel\\framework\\src\\Illuminate\\Encryption\\EncryptionServiceProvider.php(64): Illuminate\\Encryption\\EncryptionServiceProvider->key(Array)
#3 D:\\semester 4\\LAB. PEMOGRAMAN WEB\\tes\\PemrogramanWeb_TI-22-PA_222310008\\TugasPertemuan6\\SourceCode\\vendor\\laravel\\framework\\src\\Illuminate\\Encryption\\EncryptionServiceProvider.php(32): Illuminate\\Encryption\\EncryptionServiceProvider->parseKey(Array)
#4 D:\\semester 4\\LAB. PEMOGRAMAN WEB\\tes\\PemrogramanWeb_TI-22-PA_222310008\\TugasPertemuan6\\SourceCode\\vendor\\laravel\\framework\\src\\Illuminate\\Container\\Container.php(900): Illuminate\\Encryption\\EncryptionServiceProvider->Illuminate\\Encryption\\{closure}(Object(Illuminate\\Foundation\\Application), Array)
#5 D:\\semester 4\\LAB. PEMOGRAMAN WEB\\tes\\PemrogramanWeb_TI-22-PA_222310008\\TugasPertemuan6\\SourceCode\\vendor\\laravel\\framework\\src\\Illuminate\\Container\\Container.php(787): Illuminate\\Container\\Container->build(Object(Closure))
#6 D:\\semester 4\\LAB. PEMOGRAMAN WEB\\tes\\PemrogramanWeb_TI-22-PA_222310008\\TugasPertemuan6\\SourceCode\\vendor\\laravel\\framework\\src\\Illuminate\\Foundation\\Application.php(1026): Illuminate\\Container\\Container->resolve('encrypter', Array, true)
#7 D:\\semester 4\\LAB. PEMOGRAMAN WEB\\tes\\PemrogramanWeb_TI-22-PA_222310008\\TugasPertemuan6\\SourceCode\\vendor\\laravel\\framework\\src\\Illuminate\\Container\\Container.php(723): Illuminate\\Foundation\\Application->resolve('encrypter', Array)
#8 D:\\semester 4\\LAB. PEMOGRAMAN WEB\\tes\\PemrogramanWeb_TI-22-PA_222310008\\TugasPertemuan6\\SourceCode\\vendor\\laravel\\framework\\src\\Illuminate\\Foundation\\Application.php(1011): Illuminate\\Container\\Container->make('encrypter', Array)
#9 D:\\semester 4\\LAB. PEMOGRAMAN WEB\\tes\\PemrogramanWeb_TI-22-PA_222310008\\TugasPertemuan6\\SourceCode\\vendor\\laravel\\framework\\src\\Illuminate\\Container\\Container.php(1058): Illuminate\\Foundation\\Application->make('encrypter')
#10 D:\\semester 4\\LAB. PEMOGRAMAN WEB\\tes\\PemrogramanWeb_TI-22-PA_222310008\\TugasPertemuan6\\SourceCode\\vendor\\laravel\\framework\\src\\Illuminate\\Container\\Container.php(974): Illuminate\\Container\\Container->resolveClass(Object(ReflectionParameter))
#11 D:\\semester 4\\LAB. PEMOGRAMAN WEB\\tes\\PemrogramanWeb_TI-22-PA_222310008\\TugasPertemuan6\\SourceCode\\vendor\\laravel\\framework\\src\\Illuminate\\Container\\Container.php(935): Illuminate\\Container\\Container->resolveDependencies(Array)
#12 D:\\semester 4\\LAB. PEMOGRAMAN WEB\\tes\\PemrogramanWeb_TI-22-PA_222310008\\TugasPertemuan6\\SourceCode\\vendor\\laravel\\framework\\src\\Illuminate\\Container\\Container.php(787): Illuminate\\Container\\Container->build('Illuminate\\\\Cook...')
#13 D:\\semester 4\\LAB. PEMOGRAMAN WEB\\tes\\PemrogramanWeb_TI-22-PA_222310008\\TugasPertemuan6\\SourceCode\\vendor\\laravel\\framework\\src\\Illuminate\\Foundation\\Application.php(1026): Illuminate\\Container\\Container->resolve('Illuminate\\\\Cook...', Array, true)
#14 D:\\semester 4\\LAB. PEMOGRAMAN WEB\\tes\\PemrogramanWeb_TI-22-PA_222310008\\TugasPertemuan6\\SourceCode\\vendor\\laravel\\framework\\src\\Illuminate\\Container\\Container.php(723): Illuminate\\Foundation\\Application->resolve('Illuminate\\\\Cook...', Array)
#15 D:\\semester 4\\LAB. PEMOGRAMAN WEB\\tes\\PemrogramanWeb_TI-22-PA_222310008\\TugasPertemuan6\\SourceCode\\vendor\\laravel\\framework\\src\\Illuminate\\Foundation\\Application.php(1011): Illuminate\\Container\\Container->make('Illuminate\\\\Cook...', Array)
#16 D:\\semester 4\\LAB. PEMOGRAMAN WEB\\tes\\PemrogramanWeb_TI-22-PA_222310008\\TugasPertemuan6\\SourceCode\\vendor\\laravel\\framework\\src\\Illuminate\\Foundation\\Http\\Kernel.php(255): Illuminate\\Foundation\\Application->make('Illuminate\\\\Cook...')
#17 D:\\semester 4\\LAB. PEMOGRAMAN WEB\\tes\\PemrogramanWeb_TI-22-PA_222310008\\TugasPertemuan6\\SourceCode\\vendor\\laravel\\framework\\src\\Illuminate\\Foundation\\Http\\Kernel.php(213): Illuminate\\Foundation\\Http\\Kernel->terminateMiddleware(Object(Illuminate\\Http\\Request), Object(Illuminate\\Http\\Response))
#18 D:\\semester 4\\LAB. PEMOGRAMAN WEB\\tes\\PemrogramanWeb_TI-22-PA_222310008\\TugasPertemuan6\\SourceCode\\vendor\\laravel\\framework\\src\\Illuminate\\Foundation\\Application.php(1170): Illuminate\\Foundation\\Http\\Kernel->terminate(Object(Illuminate\\Http\\Request), Object(Illuminate\\Http\\Response))
#19 D:\\semester 4\\LAB. PEMOGRAMAN WEB\\tes\\PemrogramanWeb_TI-22-PA_222310008\\TugasPertemuan6\\SourceCode\\public\\index.php(17): Illuminate\\Foundation\\Application->handleRequest(Object(Illuminate\\Http\\Request))
#20 D:\\semester 4\\LAB. PEMOGRAMAN WEB\\tes\\PemrogramanWeb_TI-22-PA_222310008\\TugasPertemuan6\\SourceCode\\vendor\\laravel\\framework\\src\\Illuminate\\Foundation\\resources\\server.php(16): require_once('D:\\\\semester 4\\\\L...')
#21 {main}
"} 
[2024-05-12 05:00:57] local.ERROR: Database file at path [D:\semester 4\LAB. PEMOGRAMAN WEB\tes\PemrogramanWeb_TI-22-PA_222310008\TugasPertemuan6\SourceCode\database\database.sqlite] does not exist. Ensure this is an absolute path to the database. (Connection: sqlite, SQL: select * from "sessions" where "id" = KQYG7GDgqyskisWkAmZ5PKzjqp44uMQ4TcbMgQHX limit 1) {"exception":"[object] (Illuminate\\Database\\QueryException(code: 0): Database file at path [D:\\semester 4\\LAB. PEMOGRAMAN WEB\\tes\\PemrogramanWeb_TI-22-PA_222310008\\TugasPertemuan6\\SourceCode\\database\\database.sqlite] does not exist. Ensure this is an absolute path to the database. (Connection: sqlite, SQL: select * from \"sessions\" where \"id\" = KQYG7GDgqyskisWkAmZ5PKzjqp44uMQ4TcbMgQHX limit 1) at D:\\semester 4\\LAB. PEMOGRAMAN WEB\\tes\\PemrogramanWeb_TI-22-PA_222310008\\TugasPertemuan6\\SourceCode\\vendor\\laravel\\framework\\src\\Illuminate\\Database\\Connection.php:813)
[stacktrace]
#0 D:\\semester 4\\LAB. PEMOGRAMAN WEB\\tes\\PemrogramanWeb_TI-22-PA_222310008\\TugasPertemuan6\\SourceCode\\vendor\\laravel\\framework\\src\\Illuminate\\Database\\Connection.php(767): Illuminate\\Database\\Connection->runQueryCallback('select * from \"...', Array, Object(Closure))
#1 D:\\semester 4\\LAB. PEMOGRAMAN WEB\\tes\\PemrogramanWeb_TI-22-PA_222310008\\TugasPertemuan6\\SourceCode\\vendor\\laravel\\framework\\src\\Illuminate\\Database\\Connection.php(398): Illuminate\\Database\\Connection->run('select * from \"...', Array, Object(Closure))
#2 D:\\semester 4\\LAB. PEMOGRAMAN WEB\\tes\\PemrogramanWeb_TI-22-PA_222310008\\TugasPertemuan6\\SourceCode\\vendor\\laravel\\framework\\src\\Illuminate\\Database\\Query\\Builder.php(2899): Illuminate\\Database\\Connection->select('select * from \"...', Array, true)
#3 D:\\semester 4\\LAB. PEMOGRAMAN WEB\\tes\\PemrogramanWeb_TI-22-PA_222310008\\TugasPertemuan6\\SourceCode\\vendor\\laravel\\framework\\src\\Illuminate\\Database\\Query\\Builder.php(2884): Illuminate\\Database\\Query\\Builder->runSelect()
#4 D:\\semester 4\\LAB. PEMOGRAMAN WEB\\tes\\PemrogramanWeb_TI-22-PA_222310008\\TugasPertemuan6\\SourceCode\\vendor\\laravel\\framework\\src\\Illuminate\\Database\\Query\\Builder.php(3468): Illuminate\\Database\\Query\\Builder->Illuminate\\Database\\Query\\{closure}()
#5 D:\\semester 4\\LAB. PEMOGRAMAN WEB\\tes\\PemrogramanWeb_TI-22-PA_222310008\\TugasPertemuan6\\SourceCode\\vendor\\laravel\\framework\\src\\Illuminate\\Database\\Query\\Builder.php(2883): Illuminate\\Database\\Query\\Builder->onceWithColumns(Array, Object(Closure))
#6 D:\\semester 4\\LAB. PEMOGRAMAN WEB\\tes\\PemrogramanWeb_TI-22-PA_222310008\\TugasPertemuan6\\SourceCode\\vendor\\laravel\\framework\\src\\Illuminate\\Database\\Concerns\\BuildsQueries.php(333): Illuminate\\Database\\Query\\Builder->get(Array)
#7 D:\\semester 4\\LAB. PEMOGRAMAN WEB\\tes\\PemrogramanWeb_TI-22-PA_222310008\\TugasPertemuan6\\SourceCode\\vendor\\laravel\\framework\\src\\Illuminate\\Database\\Query\\Builder.php(2806): Illuminate\\Database\\Query\\Builder->first(Array)
#8 D:\\semester 4\\LAB. PEMOGRAMAN WEB\\tes\\PemrogramanWeb_TI-22-PA_222310008\\TugasPertemuan6\\SourceCode\\vendor\\laravel\\framework\\src\\Illuminate\\Session\\DatabaseSessionHandler.php(97): Illuminate\\Database\\Query\\Builder->find('KQYG7GDgqyskisW...')
#9 D:\\semester 4\\LAB. PEMOGRAMAN WEB\\tes\\PemrogramanWeb_TI-22-PA_222310008\\TugasPertemuan6\\SourceCode\\vendor\\laravel\\framework\\src\\Illuminate\\Session\\Store.php(113): Illuminate\\Session\\DatabaseSessionHandler->read('KQYG7GDgqyskisW...')
#10 D:\\semester 4\\LAB. PEMOGRAMAN WEB\\tes\\PemrogramanWeb_TI-22-PA_222310008\\TugasPertemuan6\\SourceCode\\vendor\\laravel\\framework\\src\\Illuminate\\Session\\Store.php(101): Illuminate\\Session\\Store->readFromHandler()
#11 D:\\semester 4\\LAB. PEMOGRAMAN WEB\\tes\\PemrogramanWeb_TI-22-PA_222310008\\TugasPertemuan6\\SourceCode\\vendor\\laravel\\framework\\src\\Illuminate\\Session\\Store.php(85): Illuminate\\Session\\Store->loadSession()
#12 D:\\semester 4\\LAB. PEMOGRAMAN WEB\\tes\\PemrogramanWeb_TI-22-PA_222310008\\TugasPertemuan6\\SourceCode\\vendor\\laravel\\framework\\src\\Illuminate\\Session\\Middleware\\StartSession.php(147): Illuminate\\Session\\Store->start()
#13 D:\\semester 4\\LAB. PEMOGRAMAN WEB\\tes\\PemrogramanWeb_TI-22-PA_222310008\\TugasPertemuan6\\SourceCode\\vendor\\laravel\\framework\\src\\Illuminate\\Support\\helpers.php(345): Illuminate\\Session\\Middleware\\StartSession->Illuminate\\Session\\Middleware\\{closure}(Object(Illuminate\\Session\\Store))
#14 D:\\semester 4\\LAB. PEMOGRAMAN WEB\\tes\\PemrogramanWeb_TI-22-PA_222310008\\TugasPertemuan6\\SourceCode\\vendor\\laravel\\framework\\src\\Illuminate\\Session\\Middleware\\StartSession.php(144): tap(Object(Illuminate\\Session\\Store), Object(Closure))
#15 D:\\semester 4\\LAB. PEMOGRAMAN WEB\\tes\\PemrogramanWeb_TI-22-PA_222310008\\TugasPertemuan6\\SourceCode\\vendor\\laravel\\framework\\src\\Illuminate\\Session\\Middleware\\StartSession.php(116): Illuminate\\Session\\Middleware\\StartSession->startSession(Object(Illuminate\\Http\\Request), Object(Illuminate\\Session\\Store))
#16 D:\\semester 4\\LAB. PEMOGRAMAN WEB\\tes\\PemrogramanWeb_TI-22-PA_222310008\\TugasPertemuan6\\SourceCode\\vendor\\laravel\\framework\\src\\Illuminate\\Session\\Middleware\\StartSession.php(64): Illuminate\\Session\\Middleware\\StartSession->handleStatefulRequest(Object(Illuminate\\Http\\Request), Object(Illuminate\\Session\\Store), Object(Closure))
#17 D:\\semester 4\\LAB. PEMOGRAMAN WEB\\tes\\PemrogramanWeb_TI-22-PA_222310008\\TugasPertemuan6\\SourceCode\\vendor\\laravel\\framework\\src\\Illuminate\\Pipeline\\Pipeline.php(183): Illuminate\\Session\\Middleware\\StartSession->handle(Object(Illuminate\\Http\\Request), Object(Closure))
#18 D:\\semester 4\\LAB. PEMOGRAMAN WEB\\tes\\PemrogramanWeb_TI-22-PA_222310008\\TugasPertemuan6\\SourceCode\\vendor\\laravel\\framework\\src\\Illuminate\\Cookie\\Middleware\\AddQueuedCookiesToResponse.php(37): Illuminate\\Pipeline\\Pipeline->Illuminate\\Pipeline\\{closure}(Object(Illuminate\\Http\\Request))
#19 D:\\semester 4\\LAB. PEMOGRAMAN WEB\\tes\\PemrogramanWeb_TI-22-PA_222310008\\TugasPertemuan6\\SourceCode\\vendor\\laravel\\framework\\src\\Illuminate\\Pipeline\\Pipeline.php(183): Illuminate\\Cookie\\Middleware\\AddQueuedCookiesToResponse->handle(Object(Illuminate\\Http\\Request), Object(Closure))
#20 D:\\semester 4\\LAB. PEMOGRAMAN WEB\\tes\\PemrogramanWeb_TI-22-PA_222310008\\TugasPertemuan6\\SourceCode\\vendor\\laravel\\framework\\src\\Illuminate\\Cookie\\Middleware\\EncryptCookies.php(75): Illuminate\\Pipeline\\Pipeline->Illuminate\\Pipeline\\{closure}(Object(Illuminate\\Http\\Request))
#21 D:\\semester 4\\LAB. PEMOGRAMAN WEB\\tes\\PemrogramanWeb_TI-22-PA_222310008\\TugasPertemuan6\\SourceCode\\vendor\\laravel\\framework\\src\\Illuminate\\Pipeline\\Pipeline.php(183): Illuminate\\Cookie\\Middleware\\EncryptCookies->handle(Object(Illuminate\\Http\\Request), Object(Closure))
#22 D:\\semester 4\\LAB. PEMOGRAMAN WEB\\tes\\PemrogramanWeb_TI-22-PA_222310008\\TugasPertemuan6\\SourceCode\\vendor\\laravel\\framework\\src\\Illuminate\\Pipeline\\Pipeline.php(119): Illuminate\\Pipeline\\Pipeline->Illuminate\\Pipeline\\{closure}(Object(Illuminate\\Http\\Request))
#23 D:\\semester 4\\LAB. PEMOGRAMAN WEB\\tes\\PemrogramanWeb_TI-22-PA_222310008\\TugasPertemuan6\\SourceCode\\vendor\\laravel\\framework\\src\\Illuminate\\Routing\\Router.php(805): Illuminate\\Pipeline\\Pipeline->then(Object(Closure))
#24 D:\\semester 4\\LAB. PEMOGRAMAN WEB\\tes\\PemrogramanWeb_TI-22-PA_222310008\\TugasPertemuan6\\SourceCode\\vendor\\laravel\\framework\\src\\Illuminate\\Routing\\Router.php(784): Illuminate\\Routing\\Router->runRouteWithinStack(Object(Illuminate\\Routing\\Route), Object(Illuminate\\Http\\Request))
#25 D:\\semester 4\\LAB. PEMOGRAMAN WEB\\tes\\PemrogramanWeb_TI-22-PA_222310008\\TugasPertemuan6\\SourceCode\\vendor\\laravel\\framework\\src\\Illuminate\\Routing\\Router.php(748): Illuminate\\Routing\\Router->runRoute(Object(Illuminate\\Http\\Request), Object(Illuminate\\Routing\\Route))
#26 D:\\semester 4\\LAB. PEMOGRAMAN WEB\\tes\\PemrogramanWeb_TI-22-PA_222310008\\TugasPertemuan6\\SourceCode\\vendor\\laravel\\framework\\src\\Illuminate\\Routing\\Router.php(737): Illuminate\\Routing\\Router->dispatchToRoute(Object(Illuminate\\Http\\Request))
#27 D:\\semester 4\\LAB. PEMOGRAMAN WEB\\tes\\PemrogramanWeb_TI-22-PA_222310008\\TugasPertemuan6\\SourceCode\\vendor\\laravel\\framework\\src\\Illuminate\\Foundation\\Http\\Kernel.php(200): Illuminate\\Routing\\Router->dispatch(Object(Illuminate\\Http\\Request))
#28 D:\\semester 4\\LAB. PEMOGRAMAN WEB\\tes\\PemrogramanWeb_TI-22-PA_222310008\\TugasPertemuan6\\SourceCode\\vendor\\laravel\\framework\\src\\Illuminate\\Pipeline\\Pipeline.php(144): Illuminate\\Foundation\\Http\\Kernel->Illuminate\\Foundation\\Http\\{closure}(Object(Illuminate\\Http\\Request))
#29 D:\\semester 4\\LAB. PEMOGRAMAN WEB\\tes\\PemrogramanWeb_TI-22-PA_222310008\\TugasPertemuan6\\SourceCode\\vendor\\laravel\\framework\\src\\Illuminate\\Foundation\\Http\\Middleware\\TransformsRequest.php(21): Illuminate\\Pipeline\\Pipeline->Illuminate\\Pipeline\\{closure}(Object(Illuminate\\Http\\Request))
#30 D:\\semester 4\\LAB. PEMOGRAMAN WEB\\tes\\PemrogramanWeb_TI-22-PA_222310008\\TugasPertemuan6\\SourceCode\\vendor\\laravel\\framework\\src\\Illuminate\\Foundation\\Http\\Middleware\\ConvertEmptyStringsToNull.php(31): Illuminate\\Foundation\\Http\\Middleware\\TransformsRequest->handle(Object(Illuminate\\Http\\Request), Object(Closure))
#31 D:\\semester 4\\LAB. PEMOGRAMAN WEB\\tes\\PemrogramanWeb_TI-22-PA_222310008\\TugasPertemuan6\\SourceCode\\vendor\\laravel\\framework\\src\\Illuminate\\Pipeline\\Pipeline.php(183): Illuminate\\Foundation\\Http\\Middleware\\ConvertEmptyStringsToNull->handle(Object(Illuminate\\Http\\Request), Object(Closure))
#32 D:\\semester 4\\LAB. PEMOGRAMAN WEB\\tes\\PemrogramanWeb_TI-22-PA_222310008\\TugasPertemuan6\\SourceCode\\vendor\\laravel\\framework\\src\\Illuminate\\Foundation\\Http\\Middleware\\TransformsRequest.php(21): Illuminate\\Pipeline\\Pipeline->Illuminate\\Pipeline\\{closure}(Object(Illuminate\\Http\\Request))
#33 D:\\semester 4\\LAB. PEMOGRAMAN WEB\\tes\\PemrogramanWeb_TI-22-PA_222310008\\TugasPertemuan6\\SourceCode\\vendor\\laravel\\framework\\src\\Illuminate\\Foundation\\Http\\Middleware\\TrimStrings.php(50): Illuminate\\Foundation\\Http\\Middleware\\TransformsRequest->handle(Object(Illuminate\\Http\\Request), Object(Closure))
#34 D:\\semester 4\\LAB. PEMOGRAMAN WEB\\tes\\PemrogramanWeb_TI-22-PA_222310008\\TugasPertemuan6\\SourceCode\\vendor\\laravel\\framework\\src\\Illuminate\\Pipeline\\Pipeline.php(183): Illuminate\\Foundation\\Http\\Middleware\\TrimStrings->handle(Object(Illuminate\\Http\\Request), Object(Closure))
#35 D:\\semester 4\\LAB. PEMOGRAMAN WEB\\tes\\PemrogramanWeb_TI-22-PA_222310008\\TugasPertemuan6\\SourceCode\\vendor\\laravel\\framework\\src\\Illuminate\\Http\\Middleware\\ValidatePostSize.php(27): Illuminate\\Pipeline\\Pipeline->Illuminate\\Pipeline\\{closure}(Object(Illuminate\\Http\\Request))
#36 D:\\semester 4\\LAB. PEMOGRAMAN WEB\\tes\\PemrogramanWeb_TI-22-PA_222310008\\TugasPertemuan6\\SourceCode\\vendor\\laravel\\framework\\src\\Illuminate\\Pipeline\\Pipeline.php(183): Illuminate\\Http\\Middleware\\ValidatePostSize->handle(Object(Illuminate\\Http\\Request), Object(Closure))
#37 D:\\semester 4\\LAB. PEMOGRAMAN WEB\\tes\\PemrogramanWeb_TI-22-PA_222310008\\TugasPertemuan6\\SourceCode\\vendor\\laravel\\framework\\src\\Illuminate\\Foundation\\Http\\Middleware\\PreventRequestsDuringMaintenance.php(110): Illuminate\\Pipeline\\Pipeline->Illuminate\\Pipeline\\{closure}(Object(Illuminate\\Http\\Request))
#38 D:\\semester 4\\LAB. PEMOGRAMAN WEB\\tes\\PemrogramanWeb_TI-22-PA_222310008\\TugasPertemuan6\\SourceCode\\vendor\\laravel\\framework\\src\\Illuminate\\Pipeline\\Pipeline.php(183): Illuminate\\Foundation\\Http\\Middleware\\PreventRequestsDuringMaintenance->handle(Object(Illuminate\\Http\\Request), Object(Closure))
#39 D:\\semester 4\\LAB. PEMOGRAMAN WEB\\tes\\PemrogramanWeb_TI-22-PA_222310008\\TugasPertemuan6\\SourceCode\\vendor\\laravel\\framework\\src\\Illuminate\\Http\\Middleware\\HandleCors.php(49): Illuminate\\Pipeline\\Pipeline->Illuminate\\Pipeline\\{closure}(Object(Illuminate\\Http\\Request))
#40 D:\\semester 4\\LAB. PEMOGRAMAN WEB\\tes\\PemrogramanWeb_TI-22-PA_222310008\\TugasPertemuan6\\SourceCode\\vendor\\laravel\\framework\\src\\Illuminate\\Pipeline\\Pipeline.php(183): Illuminate\\Http\\Middleware\\HandleCors->handle(Object(Illuminate\\Http\\Request), Object(Closure))
#41 D:\\semester 4\\LAB. PEMOGRAMAN WEB\\tes\\PemrogramanWeb_TI-22-PA_222310008\\TugasPertemuan6\\SourceCode\\vendor\\laravel\\framework\\src\\Illuminate\\Http\\Middleware\\TrustProxies.php(57): Illuminate\\Pipeline\\Pipeline->Illuminate\\Pipeline\\{closure}(Object(Illuminate\\Http\\Request))
#42 D:\\semester 4\\LAB. PEMOGRAMAN WEB\\tes\\PemrogramanWeb_TI-22-PA_222310008\\TugasPertemuan6\\SourceCode\\vendor\\laravel\\framework\\src\\Illuminate\\Pipeline\\Pipeline.php(183): Illuminate\\Http\\Middleware\\TrustProxies->handle(Object(Illuminate\\Http\\Request), Object(Closure))
#43 D:\\semester 4\\LAB. PEMOGRAMAN WEB\\tes\\PemrogramanWeb_TI-22-PA_222310008\\TugasPertemuan6\\SourceCode\\vendor\\laravel\\framework\\src\\Illuminate\\Pipeline\\Pipeline.php(119): Illuminate\\Pipeline\\Pipeline->Illuminate\\Pipeline\\{closure}(Object(Illuminate\\Http\\Request))
#44 D:\\semester 4\\LAB. PEMOGRAMAN WEB\\tes\\PemrogramanWeb_TI-22-PA_222310008\\TugasPertemuan6\\SourceCode\\vendor\\laravel\\framework\\src\\Illuminate\\Foundation\\Http\\Kernel.php(175): Illuminate\\Pipeline\\Pipeline->then(Object(Closure))
#45 D:\\semester 4\\LAB. PEMOGRAMAN WEB\\tes\\PemrogramanWeb_TI-22-PA_222310008\\TugasPertemuan6\\SourceCode\\vendor\\laravel\\framework\\src\\Illuminate\\Foundation\\Http\\Kernel.php(144): Illuminate\\Foundation\\Http\\Kernel->sendRequestThroughRouter(Object(Illuminate\\Http\\Request))
#46 D:\\semester 4\\LAB. PEMOGRAMAN WEB\\tes\\PemrogramanWeb_TI-22-PA_222310008\\TugasPertemuan6\\SourceCode\\vendor\\laravel\\framework\\src\\Illuminate\\Foundation\\Application.php(1168): Illuminate\\Foundation\\Http\\Kernel->handle(Object(Illuminate\\Http\\Request))
#47 D:\\semester 4\\LAB. PEMOGRAMAN WEB\\tes\\PemrogramanWeb_TI-22-PA_222310008\\TugasPertemuan6\\SourceCode\\public\\index.php(17): Illuminate\\Foundation\\Application->handleRequest(Object(Illuminate\\Http\\Request))
#48 D:\\semester 4\\LAB. PEMOGRAMAN WEB\\tes\\PemrogramanWeb_TI-22-PA_222310008\\TugasPertemuan6\\SourceCode\\vendor\\laravel\\framework\\src\\Illuminate\\Foundation\\resources\\server.php(16): require_once('D:\\\\semester 4\\\\L...')
#49 {main}

[previous exception] [object] (Illuminate\\Database\\SQLiteDatabaseDoesNotExistException(code: 0): Database file at path [D:\\semester 4\\LAB. PEMOGRAMAN WEB\\tes\\PemrogramanWeb_TI-22-PA_222310008\\TugasPertemuan6\\SourceCode\\database\\database.sqlite] does not exist. Ensure this is an absolute path to the database. at D:\\semester 4\\LAB. PEMOGRAMAN WEB\\tes\\PemrogramanWeb_TI-22-PA_222310008\\TugasPertemuan6\\SourceCode\\vendor\\laravel\\framework\\src\\Illuminate\\Database\\Connectors\\SQLiteConnector.php:34)
[stacktrace]
#0 D:\\semester 4\\LAB. PEMOGRAMAN WEB\\tes\\PemrogramanWeb_TI-22-PA_222310008\\TugasPertemuan6\\SourceCode\\vendor\\laravel\\framework\\src\\Illuminate\\Database\\Connectors\\ConnectionFactory.php(222): Illuminate\\Database\\Connectors\\SQLiteConnector->connect(Array)
#1 [internal function]: Illuminate\\Database\\Connectors\\ConnectionFactory->Illuminate\\Database\\Connectors\\{closure}()
#2 D:\\semester 4\\LAB. PEMOGRAMAN WEB\\tes\\PemrogramanWeb_TI-22-PA_222310008\\TugasPertemuan6\\SourceCode\\vendor\\laravel\\framework\\src\\Illuminate\\Database\\Connection.php(1219): call_user_func(Object(Closure))
#3 D:\\semester 4\\LAB. PEMOGRAMAN WEB\\tes\\PemrogramanWeb_TI-22-PA_222310008\\TugasPertemuan6\\SourceCode\\vendor\\laravel\\framework\\src\\Illuminate\\Database\\Connection.php(1255): Illuminate\\Database\\Connection->getPdo()
#4 D:\\semester 4\\LAB. PEMOGRAMAN WEB\\tes\\PemrogramanWeb_TI-22-PA_222310008\\TugasPertemuan6\\SourceCode\\vendor\\laravel\\framework\\src\\Illuminate\\Database\\Connection.php(512): Illuminate\\Database\\Connection->getReadPdo()
#5 D:\\semester 4\\LAB. PEMOGRAMAN WEB\\tes\\PemrogramanWeb_TI-22-PA_222310008\\TugasPertemuan6\\SourceCode\\vendor\\laravel\\framework\\src\\Illuminate\\Database\\Connection.php(407): Illuminate\\Database\\Connection->getPdoForSelect(true)
#6 D:\\semester 4\\LAB. PEMOGRAMAN WEB\\tes\\PemrogramanWeb_TI-22-PA_222310008\\TugasPertemuan6\\SourceCode\\vendor\\laravel\\framework\\src\\Illuminate\\Database\\Connection.php(800): Illuminate\\Database\\Connection->Illuminate\\Database\\{closure}('select * from \"...', Array)
#7 D:\\semester 4\\LAB. PEMOGRAMAN WEB\\tes\\PemrogramanWeb_TI-22-PA_222310008\\TugasPertemuan6\\SourceCode\\vendor\\laravel\\framework\\src\\Illuminate\\Database\\Connection.php(767): Illuminate\\Database\\Connection->runQueryCallback('select * from \"...', Array, Object(Closure))
#8 D:\\semester 4\\LAB. PEMOGRAMAN WEB\\tes\\PemrogramanWeb_TI-22-PA_222310008\\TugasPertemuan6\\SourceCode\\vendor\\laravel\\framework\\src\\Illuminate\\Database\\Connection.php(398): Illuminate\\Database\\Connection->run('select * from \"...', Array, Object(Closure))
#9 D:\\semester 4\\LAB. PEMOGRAMAN WEB\\tes\\PemrogramanWeb_TI-22-PA_222310008\\TugasPertemuan6\\SourceCode\\vendor\\laravel\\framework\\src\\Illuminate\\Database\\Query\\Builder.php(2899): Illuminate\\Database\\Connection->select('select * from \"...', Array, true)
#10 D:\\semester 4\\LAB. PEMOGRAMAN WEB\\tes\\PemrogramanWeb_TI-22-PA_222310008\\TugasPertemuan6\\SourceCode\\vendor\\laravel\\framework\\src\\Illuminate\\Database\\Query\\Builder.php(2884): Illuminate\\Database\\Query\\Builder->runSelect()
#11 D:\\semester 4\\LAB. PEMOGRAMAN WEB\\tes\\PemrogramanWeb_TI-22-PA_222310008\\TugasPertemuan6\\SourceCode\\vendor\\laravel\\framework\\src\\Illuminate\\Database\\Query\\Builder.php(3468): Illuminate\\Database\\Query\\Builder->Illuminate\\Database\\Query\\{closure}()
#12 D:\\semester 4\\LAB. PEMOGRAMAN WEB\\tes\\PemrogramanWeb_TI-22-PA_222310008\\TugasPertemuan6\\SourceCode\\vendor\\laravel\\framework\\src\\Illuminate\\Database\\Query\\Builder.php(2883): Illuminate\\Database\\Query\\Builder->onceWithColumns(Array, Object(Closure))
#13 D:\\semester 4\\LAB. PEMOGRAMAN WEB\\tes\\PemrogramanWeb_TI-22-PA_222310008\\TugasPertemuan6\\SourceCode\\vendor\\laravel\\framework\\src\\Illuminate\\Database\\Concerns\\BuildsQueries.php(333): Illuminate\\Database\\Query\\Builder->get(Array)
#14 D:\\semester 4\\LAB. PEMOGRAMAN WEB\\tes\\PemrogramanWeb_TI-22-PA_222310008\\TugasPertemuan6\\SourceCode\\vendor\\laravel\\framework\\src\\Illuminate\\Database\\Query\\Builder.php(2806): Illuminate\\Database\\Query\\Builder->first(Array)
#15 D:\\semester 4\\LAB. PEMOGRAMAN WEB\\tes\\PemrogramanWeb_TI-22-PA_222310008\\TugasPertemuan6\\SourceCode\\vendor\\laravel\\framework\\src\\Illuminate\\Session\\DatabaseSessionHandler.php(97): Illuminate\\Database\\Query\\Builder->find('KQYG7GDgqyskisW...')
#16 D:\\semester 4\\LAB. PEMOGRAMAN WEB\\tes\\PemrogramanWeb_TI-22-PA_222310008\\TugasPertemuan6\\SourceCode\\vendor\\laravel\\framework\\src\\Illuminate\\Session\\Store.php(113): Illuminate\\Session\\DatabaseSessionHandler->read('KQYG7GDgqyskisW...')
#17 D:\\semester 4\\LAB. PEMOGRAMAN WEB\\tes\\PemrogramanWeb_TI-22-PA_222310008\\TugasPertemuan6\\SourceCode\\vendor\\laravel\\framework\\src\\Illuminate\\Session\\Store.php(101): Illuminate\\Session\\Store->readFromHandler()
#18 D:\\semester 4\\LAB. PEMOGRAMAN WEB\\tes\\PemrogramanWeb_TI-22-PA_222310008\\TugasPertemuan6\\SourceCode\\vendor\\laravel\\framework\\src\\Illuminate\\Session\\Store.php(85): Illuminate\\Session\\Store->loadSession()
#19 D:\\semester 4\\LAB. PEMOGRAMAN WEB\\tes\\PemrogramanWeb_TI-22-PA_222310008\\TugasPertemuan6\\SourceCode\\vendor\\laravel\\framework\\src\\Illuminate\\Session\\Middleware\\StartSession.php(147): Illuminate\\Session\\Store->start()
#20 D:\\semester 4\\LAB. PEMOGRAMAN WEB\\tes\\PemrogramanWeb_TI-22-PA_222310008\\TugasPertemuan6\\SourceCode\\vendor\\laravel\\framework\\src\\Illuminate\\Support\\helpers.php(345): Illuminate\\Session\\Middleware\\StartSession->Illuminate\\Session\\Middleware\\{closure}(Object(Illuminate\\Session\\Store))
#21 D:\\semester 4\\LAB. PEMOGRAMAN WEB\\tes\\PemrogramanWeb_TI-22-PA_222310008\\TugasPertemuan6\\SourceCode\\vendor\\laravel\\framework\\src\\Illuminate\\Session\\Middleware\\StartSession.php(144): tap(Object(Illuminate\\Session\\Store), Object(Closure))
#22 D:\\semester 4\\LAB. PEMOGRAMAN WEB\\tes\\PemrogramanWeb_TI-22-PA_222310008\\TugasPertemuan6\\SourceCode\\vendor\\laravel\\framework\\src\\Illuminate\\Session\\Middleware\\StartSession.php(116): Illuminate\\Session\\Middleware\\StartSession->startSession(Object(Illuminate\\Http\\Request), Object(Illuminate\\Session\\Store))
#23 D:\\semester 4\\LAB. PEMOGRAMAN WEB\\tes\\PemrogramanWeb_TI-22-PA_222310008\\TugasPertemuan6\\SourceCode\\vendor\\laravel\\framework\\src\\Illuminate\\Session\\Middleware\\StartSession.php(64): Illuminate\\Session\\Middleware\\StartSession->handleStatefulRequest(Object(Illuminate\\Http\\Request), Object(Illuminate\\Session\\Store), Object(Closure))
#24 D:\\semester 4\\LAB. PEMOGRAMAN WEB\\tes\\PemrogramanWeb_TI-22-PA_222310008\\TugasPertemuan6\\SourceCode\\vendor\\laravel\\framework\\src\\Illuminate\\Pipeline\\Pipeline.php(183): Illuminate\\Session\\Middleware\\StartSession->handle(Object(Illuminate\\Http\\Request), Object(Closure))
#25 D:\\semester 4\\LAB. PEMOGRAMAN WEB\\tes\\PemrogramanWeb_TI-22-PA_222310008\\TugasPertemuan6\\SourceCode\\vendor\\laravel\\framework\\src\\Illuminate\\Cookie\\Middleware\\AddQueuedCookiesToResponse.php(37): Illuminate\\Pipeline\\Pipeline->Illuminate\\Pipeline\\{closure}(Object(Illuminate\\Http\\Request))
#26 D:\\semester 4\\LAB. PEMOGRAMAN WEB\\tes\\PemrogramanWeb_TI-22-PA_222310008\\TugasPertemuan6\\SourceCode\\vendor\\laravel\\framework\\src\\Illuminate\\Pipeline\\Pipeline.php(183): Illuminate\\Cookie\\Middleware\\AddQueuedCookiesToResponse->handle(Object(Illuminate\\Http\\Request), Object(Closure))
#27 D:\\semester 4\\LAB. PEMOGRAMAN WEB\\tes\\PemrogramanWeb_TI-22-PA_222310008\\TugasPertemuan6\\SourceCode\\vendor\\laravel\\framework\\src\\Illuminate\\Cookie\\Middleware\\EncryptCookies.php(75): Illuminate\\Pipeline\\Pipeline->Illuminate\\Pipeline\\{closure}(Object(Illuminate\\Http\\Request))
#28 D:\\semester 4\\LAB. PEMOGRAMAN WEB\\tes\\PemrogramanWeb_TI-22-PA_222310008\\TugasPertemuan6\\SourceCode\\vendor\\laravel\\framework\\src\\Illuminate\\Pipeline\\Pipeline.php(183): Illuminate\\Cookie\\Middleware\\EncryptCookies->handle(Object(Illuminate\\Http\\Request), Object(Closure))
#29 D:\\semester 4\\LAB. PEMOGRAMAN WEB\\tes\\PemrogramanWeb_TI-22-PA_222310008\\TugasPertemuan6\\SourceCode\\vendor\\laravel\\framework\\src\\Illuminate\\Pipeline\\Pipeline.php(119): Illuminate\\Pipeline\\Pipeline->Illuminate\\Pipeline\\{closure}(Object(Illuminate\\Http\\Request))
#30 D:\\semester 4\\LAB. PEMOGRAMAN WEB\\tes\\PemrogramanWeb_TI-22-PA_222310008\\TugasPertemuan6\\SourceCode\\vendor\\laravel\\framework\\src\\Illuminate\\Routing\\Router.php(805): Illuminate\\Pipeline\\Pipeline->then(Object(Closure))
#31 D:\\semester 4\\LAB. PEMOGRAMAN WEB\\tes\\PemrogramanWeb_TI-22-PA_222310008\\TugasPertemuan6\\SourceCode\\vendor\\laravel\\framework\\src\\Illuminate\\Routing\\Router.php(784): Illuminate\\Routing\\Router->runRouteWithinStack(Object(Illuminate\\Routing\\Route), Object(Illuminate\\Http\\Request))
#32 D:\\semester 4\\LAB. PEMOGRAMAN WEB\\tes\\PemrogramanWeb_TI-22-PA_222310008\\TugasPertemuan6\\SourceCode\\vendor\\laravel\\framework\\src\\Illuminate\\Routing\\Router.php(748): Illuminate\\Routing\\Router->runRoute(Object(Illuminate\\Http\\Request), Object(Illuminate\\Routing\\Route))
#33 D:\\semester 4\\LAB. PEMOGRAMAN WEB\\tes\\PemrogramanWeb_TI-22-PA_222310008\\TugasPertemuan6\\SourceCode\\vendor\\laravel\\framework\\src\\Illuminate\\Routing\\Router.php(737): Illuminate\\Routing\\Router->dispatchToRoute(Object(Illuminate\\Http\\Request))
#34 D:\\semester 4\\LAB. PEMOGRAMAN WEB\\tes\\PemrogramanWeb_TI-22-PA_222310008\\TugasPertemuan6\\SourceCode\\vendor\\laravel\\framework\\src\\Illuminate\\Foundation\\Http\\Kernel.php(200): Illuminate\\Routing\\Router->dispatch(Object(Illuminate\\Http\\Request))
#35 D:\\semester 4\\LAB. PEMOGRAMAN WEB\\tes\\PemrogramanWeb_TI-22-PA_222310008\\TugasPertemuan6\\SourceCode\\vendor\\laravel\\framework\\src\\Illuminate\\Pipeline\\Pipeline.php(144): Illuminate\\Foundation\\Http\\Kernel->Illuminate\\Foundation\\Http\\{closure}(Object(Illuminate\\Http\\Request))
#36 D:\\semester 4\\LAB. PEMOGRAMAN WEB\\tes\\PemrogramanWeb_TI-22-PA_222310008\\TugasPertemuan6\\SourceCode\\vendor\\laravel\\framework\\src\\Illuminate\\Foundation\\Http\\Middleware\\TransformsRequest.php(21): Illuminate\\Pipeline\\Pipeline->Illuminate\\Pipeline\\{closure}(Object(Illuminate\\Http\\Request))
#37 D:\\semester 4\\LAB. PEMOGRAMAN WEB\\tes\\PemrogramanWeb_TI-22-PA_222310008\\TugasPertemuan6\\SourceCode\\vendor\\laravel\\framework\\src\\Illuminate\\Foundation\\Http\\Middleware\\ConvertEmptyStringsToNull.php(31): Illuminate\\Foundation\\Http\\Middleware\\TransformsRequest->handle(Object(Illuminate\\Http\\Request), Object(Closure))
#38 D:\\semester 4\\LAB. PEMOGRAMAN WEB\\tes\\PemrogramanWeb_TI-22-PA_222310008\\TugasPertemuan6\\SourceCode\\vendor\\laravel\\framework\\src\\Illuminate\\Pipeline\\Pipeline.php(183): Illuminate\\Foundation\\Http\\Middleware\\ConvertEmptyStringsToNull->handle(Object(Illuminate\\Http\\Request), Object(Closure))
#39 D:\\semester 4\\LAB. PEMOGRAMAN WEB\\tes\\PemrogramanWeb_TI-22-PA_222310008\\TugasPertemuan6\\SourceCode\\vendor\\laravel\\framework\\src\\Illuminate\\Foundation\\Http\\Middleware\\TransformsRequest.php(21): Illuminate\\Pipeline\\Pipeline->Illuminate\\Pipeline\\{closure}(Object(Illuminate\\Http\\Request))
#40 D:\\semester 4\\LAB. PEMOGRAMAN WEB\\tes\\PemrogramanWeb_TI-22-PA_222310008\\TugasPertemuan6\\SourceCode\\vendor\\laravel\\framework\\src\\Illuminate\\Foundation\\Http\\Middleware\\TrimStrings.php(50): Illuminate\\Foundation\\Http\\Middleware\\TransformsRequest->handle(Object(Illuminate\\Http\\Request), Object(Closure))
#41 D:\\semester 4\\LAB. PEMOGRAMAN WEB\\tes\\PemrogramanWeb_TI-22-PA_222310008\\TugasPertemuan6\\SourceCode\\vendor\\laravel\\framework\\src\\Illuminate\\Pipeline\\Pipeline.php(183): Illuminate\\Foundation\\Http\\Middleware\\TrimStrings->handle(Object(Illuminate\\Http\\Request), Object(Closure))
#42 D:\\semester 4\\LAB. PEMOGRAMAN WEB\\tes\\PemrogramanWeb_TI-22-PA_222310008\\TugasPertemuan6\\SourceCode\\vendor\\laravel\\framework\\src\\Illuminate\\Http\\Middleware\\ValidatePostSize.php(27): Illuminate\\Pipeline\\Pipeline->Illuminate\\Pipeline\\{closure}(Object(Illuminate\\Http\\Request))
#43 D:\\semester 4\\LAB. PEMOGRAMAN WEB\\tes\\PemrogramanWeb_TI-22-PA_222310008\\TugasPertemuan6\\SourceCode\\vendor\\laravel\\framework\\src\\Illuminate\\Pipeline\\Pipeline.php(183): Illuminate\\Http\\Middleware\\ValidatePostSize->handle(Object(Illuminate\\Http\\Request), Object(Closure))
#44 D:\\semester 4\\LAB. PEMOGRAMAN WEB\\tes\\PemrogramanWeb_TI-22-PA_222310008\\TugasPertemuan6\\SourceCode\\vendor\\laravel\\framework\\src\\Illuminate\\Foundation\\Http\\Middleware\\PreventRequestsDuringMaintenance.php(110): Illuminate\\Pipeline\\Pipeline->Illuminate\\Pipeline\\{closure}(Object(Illuminate\\Http\\Request))
#45 D:\\semester 4\\LAB. PEMOGRAMAN WEB\\tes\\PemrogramanWeb_TI-22-PA_222310008\\TugasPertemuan6\\SourceCode\\vendor\\laravel\\framework\\src\\Illuminate\\Pipeline\\Pipeline.php(183): Illuminate\\Foundation\\Http\\Middleware\\PreventRequestsDuringMaintenance->handle(Object(Illuminate\\Http\\Request), Object(Closure))
#46 D:\\semester 4\\LAB. PEMOGRAMAN WEB\\tes\\PemrogramanWeb_TI-22-PA_222310008\\TugasPertemuan6\\SourceCode\\vendor\\laravel\\framework\\src\\Illuminate\\Http\\Middleware\\HandleCors.php(49): Illuminate\\Pipeline\\Pipeline->Illuminate\\Pipeline\\{closure}(Object(Illuminate\\Http\\Request))
#47 D:\\semester 4\\LAB. PEMOGRAMAN WEB\\tes\\PemrogramanWeb_TI-22-PA_222310008\\TugasPertemuan6\\SourceCode\\vendor\\laravel\\framework\\src\\Illuminate\\Pipeline\\Pipeline.php(183): Illuminate\\Http\\Middleware\\HandleCors->handle(Object(Illuminate\\Http\\Request), Object(Closure))
#48 D:\\semester 4\\LAB. PEMOGRAMAN WEB\\tes\\PemrogramanWeb_TI-22-PA_222310008\\TugasPertemuan6\\SourceCode\\vendor\\laravel\\framework\\src\\Illuminate\\Http\\Middleware\\TrustProxies.php(57): Illuminate\\Pipeline\\Pipeline->Illuminate\\Pipeline\\{closure}(Object(Illuminate\\Http\\Request))
#49 D:\\semester 4\\LAB. PEMOGRAMAN WEB\\tes\\PemrogramanWeb_TI-22-PA_222310008\\TugasPertemuan6\\SourceCode\\vendor\\laravel\\framework\\src\\Illuminate\\Pipeline\\Pipeline.php(183): Illuminate\\Http\\Middleware\\TrustProxies->handle(Object(Illuminate\\Http\\Request), Object(Closure))
#50 D:\\semester 4\\LAB. PEMOGRAMAN WEB\\tes\\PemrogramanWeb_TI-22-PA_222310008\\TugasPertemuan6\\SourceCode\\vendor\\laravel\\framework\\src\\Illuminate\\Pipeline\\Pipeline.php(119): Illuminate\\Pipeline\\Pipeline->Illuminate\\Pipeline\\{closure}(Object(Illuminate\\Http\\Request))
#51 D:\\semester 4\\LAB. PEMOGRAMAN WEB\\tes\\PemrogramanWeb_TI-22-PA_222310008\\TugasPertemuan6\\SourceCode\\vendor\\laravel\\framework\\src\\Illuminate\\Foundation\\Http\\Kernel.php(175): Illuminate\\Pipeline\\Pipeline->then(Object(Closure))
#52 D:\\semester 4\\LAB. PEMOGRAMAN WEB\\tes\\PemrogramanWeb_TI-22-PA_222310008\\TugasPertemuan6\\SourceCode\\vendor\\laravel\\framework\\src\\Illuminate\\Foundation\\Http\\Kernel.php(144): Illuminate\\Foundation\\Http\\Kernel->sendRequestThroughRouter(Object(Illuminate\\Http\\Request))
#53 D:\\semester 4\\LAB. PEMOGRAMAN WEB\\tes\\PemrogramanWeb_TI-22-PA_222310008\\TugasPertemuan6\\SourceCode\\vendor\\laravel\\framework\\src\\Illuminate\\Foundation\\Application.php(1168): Illuminate\\Foundation\\Http\\Kernel->handle(Object(Illuminate\\Http\\Request))
#54 D:\\semester 4\\LAB. PEMOGRAMAN WEB\\tes\\PemrogramanWeb_TI-22-PA_222310008\\TugasPertemuan6\\SourceCode\\public\\index.php(17): Illuminate\\Foundation\\Application->handleRequest(Object(Illuminate\\Http\\Request))
#55 D:\\semester 4\\LAB. PEMOGRAMAN WEB\\tes\\PemrogramanWeb_TI-22-PA_222310008\\TugasPertemuan6\\SourceCode\\vendor\\laravel\\framework\\src\\Illuminate\\Foundation\\resources\\server.php(16): require_once('D:\\\\semester 4\\\\L...')
#56 {main}
"} 
